#
# There is insufficient memory for the Java Runtime Environment to continue.
# Native memory allocation (mmap) failed to map 266338304 bytes. Error detail: G1 virtual space
# Possible reasons:
#   The system is out of physical RAM or swap space
#   This process is running with CompressedOops enabled, and the Java Heap may be blocking the growth of the native heap
# Possible solutions:
#   Reduce memory load on the system
#   Increase physical memory or swap space
#   Check if swap backing store is full
#   Decrease Java heap size (-Xmx/-Xms)
#   Decrease number of Java threads
#   Decrease Java thread stack sizes (-Xss)
#   Set larger code cache with -XX:ReservedCodeCacheSize=
#   JVM is running with Zero Based Compressed Oops mode in which the Java heap is
#     placed in the first 32GB address space. The Java Heap base address is the
#     maximum limit for the native heap growth. Please use -XX:HeapBaseMinAddress
#     to set the Java Heap base and to place the Java Heap above 32GB virtual address.
# This output file may be truncated or incomplete.
#
#  Out of Memory Error (os_windows.cpp:3707), pid=9260, tid=15616
#
# JRE version:  (23.0.2+7) (build )
# Java VM: Java HotSpot(TM) 64-Bit Server VM (23.0.2+7-58, mixed mode, sharing, tiered, compressed oops, compressed class ptrs, g1 gc, windows-amd64)
# No core dump will be written. Minidumps are not enabled by default on client versions of Windows
#

---------------  S U M M A R Y ------------

Command Line: -Dclassworlds.conf=C:\Program Files\NetBeans-25\netbeans\java\maven\bin\m2.conf -Dmaven.home=C:\Program Files\NetBeans-25\netbeans\java\maven -Dlibrary.jansi.path=C:\Program Files\NetBeans-25\netbeans\java\maven\lib\jansi-native -Dmaven.multiModuleProjectDirectory=D:\projectadvance\ATM\ATMsim org.codehaus.plexus.classworlds.launcher.Launcher -Dexec.vmArgs= -Dexec.args=${exec.vmArgs} -classpath %classpath ${exec.mainClass} ${exec.appArgs} -Dexec.appArgs= -Dexec.mainClass=com.mycompany.atmsim.ATMsim -Dexec.executable=C:\Program Files\Java\jdk-23\bin\java.exe -Dmaven.ext.class.path=C:\Program Files\NetBeans-25\netbeans\java\maven-nblib\netbeans-eventspy.jar --no-transfer-progress process-classes org.codehaus.mojo:exec-maven-plugin:3.1.0:exec

Host: 11th Gen Intel(R) Core(TM) i7-11370H @ 3.30GHz, 8 cores, 15G,  Windows 11 , 64 bit Build 26100 (10.0.26100.3775)
Time: Wed Apr 30 14:29:26 2025 Egypt Daylight Time elapsed time: 0.011365 seconds (0d 0h 0m 0s)

---------------  T H R E A D  ---------------

Current thread (0x0000016ce8a45910):  JavaThread "Unknown thread" [_thread_in_vm, id=15616, stack(0x00000051b8800000,0x00000051b8900000) (1024K)]

Stack: [0x00000051b8800000,0x00000051b8900000]
Native frames: (J=compiled Java code, j=interpreted, Vv=VM code, C=native code)
V  [jvm.dll+0x6e0b99]  (no source info available)
V  [jvm.dll+0x87e2b3]  (no source info available)
V  [jvm.dll+0x88073e]  (no source info available)
V  [jvm.dll+0x880e13]  (no source info available)
V  [jvm.dll+0x27b006]  (no source info available)
V  [jvm.dll+0x6dd485]  (no source info available)
V  [jvm.dll+0x6d127a]  (no source info available)
V  [jvm.dll+0x35b50a]  (no source info available)
V  [jvm.dll+0x363916]  (no source info available)
V  [jvm.dll+0x34fe7e]  (no source info available)
V  [jvm.dll+0x350118]  (no source info available)
V  [jvm.dll+0x328aec]  (no source info available)
V  [jvm.dll+0x32978e]  (no source info available)
V  [jvm.dll+0x8449a5]  (no source info available)
V  [jvm.dll+0x3b9a08]  (no source info available)
V  [jvm.dll+0x82d68c]  (no source info available)
V  [jvm.dll+0x454f2e]  (no source info available)
V  [jvm.dll+0x456db1]  (no source info available)
C  [jli.dll+0x52a3]  (no source info available)
C  [ucrtbase.dll+0x37b0]  (no source info available)
C  [KERNEL32.DLL+0x2e8d7]  (no source info available)
C  [ntdll.dll+0xb14fc]  (no source info available)

Lock stack of current Java thread (top to bottom):


---------------  P R O C E S S  ---------------

Threads class SMR info:
_java_thread_list=0x00007ffbf4804618, length=0, elements={
}

Java Threads: ( => current thread )
Total: 0

Other Threads:
  0x0000016ce8aa5130 WorkerThread "GC Thread#0"                     [id=5108, stack(0x00000051b8900000,0x00000051b8a00000) (1024K)]
  0x0000016ce8abab60 ConcurrentGCThread "G1 Main Marker"            [id=29976, stack(0x00000051b8a00000,0x00000051b8b00000) (1024K)]
  0x0000016ce8abb580 WorkerThread "G1 Conc#0"                       [id=25724, stack(0x00000051b8b00000,0x00000051b8c00000) (1024K)]

[error occurred during error reporting (printing all threads), id 0xc0000005, EXCEPTION_ACCESS_VIOLATION (0xc0000005) at pc=0x00007ffbf3f4c0da]
VM state: not at safepoint (not fully initialized)

VM Mutex/Monitor currently owned by a thread:  ([mutex/lock_event])
[0x00007ffbf4884988] Heap_lock - owner thread: 0x0000016ce8a45910

Heap address: 0x0000000703600000, size: 4042 MB, Compressed Oops mode: Zero based, Oop shift amount: 3

CDS archive(s) mapped at: [0x0000000000000000-0x0000000000000000-0x0000000000000000), size 0, SharedBaseAddress: 0x0000000800000000, ArchiveRelocationMode: 1.
Narrow klass base: 0x0000000000000000, Narrow klass shift: 0, Narrow klass range: 0x0

GC Precious Log:
 CardTable entry size: 512
 Card Set container configuration: InlinePtr #cards 4 size 8 Array Of Cards #cards 16 size 48 Howl #buckets 8 coarsen threshold 3686 Howl Bitmap #cards 512 size 80 coarsen threshold 460 Card regions per heap region 1 cards per card region 4096

Heap:
 garbage-first heap   total reserved 4139008K, committed 0K, used 0K [0x0000000703600000, 0x0000000800000000)
  region size 2048K, 0 young (0K), 0 survivors (0K)

[error occurred during error reporting (printing heap information), id 0xc0000005, EXCEPTION_ACCESS_VIOLATION (0xc0000005) at pc=0x00007ffbf434c6a9]
GC Heap History (0 events):
No events

Dll operation events (1 events):
Event: 0.007 Loaded shared library C:\Program Files\Java\jdk-23\bin\java.dll

Deoptimization events (0 events):
No events

Classes loaded (0 events):
No events

Classes unloaded (0 events):
No events

Classes redefined (0 events):
No events

Internal exceptions (0 events):
No events

VM Operations (0 events):
No events

Memory protections (0 events):
No events

Nmethod flushes (0 events):
No events

Events (0 events):
No events


Dynamic libraries:
0x00007ff6fce90000 - 0x00007ff6fcea0000 	C:\Program Files\Java\jdk-23\bin\java.exe
0x00007ffc75d40000 - 0x00007ffc75fa0000 	C:\WINDOWS\SYSTEM32\ntdll.dll
0x00007ffc73b40000 - 0x00007ffc73c07000 	C:\WINDOWS\System32\KERNEL32.DLL
0x00007ffc72f20000 - 0x00007ffc732ea000 	C:\WINDOWS\System32\KERNELBASE.dll
0x00007ffc739f0000 - 0x00007ffc73b3b000 	C:\WINDOWS\System32\ucrtbase.dll
0x00007ffc67110000 - 0x00007ffc6712b000 	C:\Program Files\Java\jdk-23\bin\VCRUNTIME140.dll
0x00007ffc6bb60000 - 0x00007ffc6bb77000 	C:\Program Files\Java\jdk-23\bin\jli.dll
0x00007ffc75340000 - 0x00007ffc7550c000 	C:\WINDOWS\System32\USER32.dll
0x00007ffc734d0000 - 0x00007ffc734f7000 	C:\WINDOWS\System32\win32u.dll
0x00007ffc5af60000 - 0x00007ffc5b1f7000 	C:\WINDOWS\WinSxS\amd64_microsoft.windows.common-controls_6595b64144ccf1df_6.0.26100.3624_none_3e086962e3345f24\COMCTL32.dll
0x00007ffc751f0000 - 0x00007ffc7521a000 	C:\WINDOWS\System32\GDI32.dll
0x00007ffc73390000 - 0x00007ffc734c1000 	C:\WINDOWS\System32\gdi32full.dll
0x00007ffc74040000 - 0x00007ffc740e9000 	C:\WINDOWS\System32\msvcrt.dll
0x00007ffc73650000 - 0x00007ffc736f3000 	C:\WINDOWS\System32\msvcp_win.dll
0x00007ffc73c10000 - 0x00007ffc73c3f000 	C:\WINDOWS\System32\IMM32.DLL
0x00007ffc67030000 - 0x00007ffc6703c000 	C:\Program Files\Java\jdk-23\bin\vcruntime140_1.dll
0x00007ffc52ce0000 - 0x00007ffc52d6e000 	C:\Program Files\Java\jdk-23\bin\msvcp140.dll
0x00007ffbf3c10000 - 0x00007ffbf4960000 	C:\Program Files\Java\jdk-23\bin\server\jvm.dll
0x00007ffc74710000 - 0x00007ffc747c2000 	C:\WINDOWS\System32\ADVAPI32.dll
0x00007ffc75520000 - 0x00007ffc755c6000 	C:\WINDOWS\System32\sechost.dll
0x00007ffc74270000 - 0x00007ffc74386000 	C:\WINDOWS\System32\RPCRT4.dll
0x00007ffc73e20000 - 0x00007ffc73e94000 	C:\WINDOWS\System32\WS2_32.dll
0x00007ffc72730000 - 0x00007ffc7278e000 	C:\WINDOWS\SYSTEM32\POWRPROF.dll
0x00007ffc67180000 - 0x00007ffc671b6000 	C:\WINDOWS\SYSTEM32\WINMM.dll
0x00007ffc68f20000 - 0x00007ffc68f2b000 	C:\WINDOWS\SYSTEM32\VERSION.dll
0x00007ffc72710000 - 0x00007ffc72724000 	C:\WINDOWS\SYSTEM32\UMPDC.dll
0x00007ffc71c90000 - 0x00007ffc71caa000 	C:\WINDOWS\SYSTEM32\kernel.appcore.dll
0x00007ffc61d90000 - 0x00007ffc61d9a000 	C:\Program Files\Java\jdk-23\bin\jimage.dll
0x00007ffc705d0000 - 0x00007ffc70811000 	C:\WINDOWS\SYSTEM32\DBGHELP.DLL
0x00007ffc749d0000 - 0x00007ffc74d52000 	C:\WINDOWS\System32\combase.dll
0x00007ffc75220000 - 0x00007ffc752f6000 	C:\WINDOWS\System32\OLEAUT32.dll
0x00007ffc52480000 - 0x00007ffc524b9000 	C:\WINDOWS\SYSTEM32\dbgcore.DLL
0x00007ffc732f0000 - 0x00007ffc73389000 	C:\WINDOWS\System32\bcryptPrimitives.dll
0x00007ffc61da0000 - 0x00007ffc61dbe000 	C:\Program Files\Java\jdk-23\bin\java.dll
0x00007ffc74390000 - 0x00007ffc74526000 	C:\WINDOWS\System32\ole32.dll
0x00007ffc755d0000 - 0x00007ffc75cf9000 	C:\WINDOWS\System32\SHELL32.dll
0x00007ffc73700000 - 0x00007ffc73868000 	C:\WINDOWS\System32\wintypes.dll

dbghelp: loaded successfully - version: 4.0.5 - missing functions: none
symbol engine: initialized successfully - sym options: 0x614 - pdb path: .;C:\Program Files\Java\jdk-23\bin;C:\WINDOWS\SYSTEM32;C:\WINDOWS\WinSxS\amd64_microsoft.windows.common-controls_6595b64144ccf1df_6.0.26100.3624_none_3e086962e3345f24;C:\Program Files\Java\jdk-23\bin\server

VM Arguments:
jvm_args: -Dclassworlds.conf=C:\Program Files\NetBeans-25\netbeans\java\maven\bin\m2.conf -Dmaven.home=C:\Program Files\NetBeans-25\netbeans\java\maven -Dlibrary.jansi.path=C:\Program Files\NetBeans-25\netbeans\java\maven\lib\jansi-native -Dmaven.multiModuleProjectDirectory=D:\projectadvance\ATM\ATMsim 
java_command: org.codehaus.plexus.classworlds.launcher.Launcher -Dexec.vmArgs= -Dexec.args=${exec.vmArgs} -classpath %classpath ${exec.mainClass} ${exec.appArgs} -Dexec.appArgs= -Dexec.mainClass=com.mycompany.atmsim.ATMsim -Dexec.executable=C:\Program Files\Java\jdk-23\bin\java.exe -Dmaven.ext.class.path=C:\Program Files\NetBeans-25\netbeans\java\maven-nblib\netbeans-eventspy.jar --no-transfer-progress process-classes org.codehaus.mojo:exec-maven-plugin:3.1.0:exec
java_class_path (initial): C:\Program Files\NetBeans-25\netbeans\java\maven\boot\plexus-classworlds-2.8.0.jar
Launcher Type: SUN_STANDARD

[Global flags]
     intx CICompilerCount                          = 4                                         {product} {ergonomic}
     uint ConcGCThreads                            = 2                                         {product} {ergonomic}
     uint G1ConcRefinementThreads                  = 8                                         {product} {ergonomic}
   size_t G1HeapRegionSize                         = 2097152                                   {product} {ergonomic}
   size_t InitialHeapSize                          = 266338304                                 {product} {ergonomic}
   size_t MarkStackSize                            = 4194304                                   {product} {ergonomic}
   size_t MarkStackSizeMax                         = 536870912                                 {product} {ergonomic}
   size_t MaxHeapSize                              = 4238344192                                {product} {ergonomic}
   size_t MinHeapDeltaBytes                        = 2097152                                   {product} {ergonomic}
   size_t MinHeapSize                              = 8388608                                   {product} {ergonomic}
    uintx NonNMethodCodeHeapSize                   = 5832704                                {pd product} {ergonomic}
    uintx NonProfiledCodeHeapSize                  = 122945536                              {pd product} {ergonomic}
    uintx ProfiledCodeHeapSize                     = 122880000                              {pd product} {ergonomic}
    uintx ReservedCodeCacheSize                    = 251658240                              {pd product} {ergonomic}
     bool SegmentedCodeCache                       = true                                      {product} {ergonomic}
   size_t SoftMaxHeapSize                          = 4238344192                             {manageable} {ergonomic}
     bool UseCompressedOops                        = true                           {product lp64_product} {ergonomic}
     bool UseG1GC                                  = true                                      {product} {ergonomic}
     bool UseLargePagesIndividualAllocation        = false                                  {pd product} {ergonomic}

Logging:
Log output configuration:
 #0: stdout all=warning uptime,level,tags foldmultilines=false
 #1: stderr all=off uptime,level,tags foldmultilines=false

Environment Variables:
JAVA_HOME=C:\Program Files\Java\jdk-23
PATH=C:\Program Files\Common Files\Oracle\Java\javapath;C:\WINDOWS\system32;C:\WINDOWS;C:\WINDOWS\System32\Wbem;C:\WINDOWS\System32\WindowsPowerShell\v1.0\;C:\WINDOWS\System32\OpenSSH\;C:\msys64\mingw64\bin;C:\Program Files (x86)\IVI Foundation\VISA\WinNT\Bin\;C:\Program Files\IVI Foundation\VISA\Win64\Bin\;C:\Program Files (x86)\National Instruments\Shared\LabVIEW CLI;C:\Program Files (x86)\IVI Foundation\VISA\WinNT\Bin;C:\Program Files\Git\cmd;C:\Program Files\MySQL\MySQL Shell 8.0\bin\;C:\Users\LENOVO\AppData\Local\Programs\Python\Python311\Scripts\;C:\Users\LENOVO\AppData\Local\Programs\Python\Python311\;C:\Users\LENOVO\AppData\Local\Microsoft\WindowsApps;C:\Users\LENOVO\AppData\Local\Programs\Microsoft VS Code\bin;C:\MinGW\libexec\mingw-get\guimain.exe;C:\Program Files\Java\jdk-23\bin;C:\Users\LENOVO\AppData\Local\GitHubDesktop\bin
USERNAME=LENOVO
OS=Windows_NT
PROCESSOR_IDENTIFIER=Intel64 Family 6 Model 140 Stepping 1, GenuineIntel
TMP=C:\Users\LENOVO\AppData\Local\Temp
TEMP=C:\Users\LENOVO\AppData\Local\Temp




Periodic native trim disabled

---------------  S Y S T E M  ---------------

OS:
 Windows 11 , 64 bit Build 26100 (10.0.26100.3775)
OS uptime: 9 days 4:39 hours
Hyper-V role detected

CPU: total 8 (initial active 8) (4 cores per cpu, 2 threads per core) family 6 model 140 stepping 1 microcode 0x86, cx8, cmov, fxsr, ht, mmx, 3dnowpref, sse, sse2, sse3, ssse3, sse4.1, sse4.2, popcnt, lzcnt, tsc, tscinvbit, avx, avx2, aes, erms, clmul, bmi1, bmi2, adx, avx512f, avx512dq, avx512cd, avx512bw, avx512vl, sha, fma, vzeroupper, avx512_vpopcntdq, avx512_vpclmulqdq, avx512_vaes, avx512_vnni, clflush, clflushopt, clwb, avx512_vbmi2, avx512_vbmi, hv, rdtscp, rdpid, fsrm, gfni, avx512_bitalg, f16c, cet_ibt, cet_ss, avx512_ifma
Processor Information for the first 8 processors :
  Max Mhz: 3302, Current Mhz: 3302, Mhz Limit: 3302

Memory: 4k page, system-wide physical 16167M (4106M free)
TotalPageFile size 27566M (AvailPageFile size 174M)
current process WorkingSet (physical memory assigned to process): 13M, peak: 13M
current process commit charge ("private bytes"): 60M, peak: 314M

vm_info: Java HotSpot(TM) 64-Bit Server VM (23.0.2+7-58) for windows-amd64 JRE (23.0.2+7-58), built on 2024-11-29T09:34:55Z with MS VC++ 17.6 (VS2022)

END.
