#
# There is insufficient memory for the Java Runtime Environment to continue.
# Native memory allocation (malloc) failed to allocate 1490736 bytes. Error detail: Chunk::new
# Possible reasons:
#   The system is out of physical RAM or swap space
#   This process is running with CompressedOops enabled, and the Java Heap may be blocking the growth of the native heap
# Possible solutions:
#   Reduce memory load on the system
#   Increase physical memory or swap space
#   Check if swap backing store is full
#   Decrease Java heap size (-Xmx/-Xms)
#   Decrease number of Java threads
#   Decrease Java thread stack sizes (-Xss)
#   Set larger code cache with -XX:ReservedCodeCacheSize=
#   JVM is running with Zero Based Compressed Oops mode in which the Java heap is
#     placed in the first 32GB address space. The Java Heap base address is the
#     maximum limit for the native heap growth. Please use -XX:HeapBaseMinAddress
#     to set the Java Heap base and to place the Java Heap above 32GB virtual address.
# This output file may be truncated or incomplete.
#
#  Out of Memory Error (arena.cpp:149), pid=6344, tid=17900
#
# JRE version: Java(TM) SE Runtime Environment (23.0.2+7) (build 23.0.2+7-58)
# Java VM: Java HotSpot(TM) 64-Bit Server VM (23.0.2+7-58, mixed mode, sharing, tiered, compressed oops, compressed class ptrs, g1 gc, windows-amd64)
# No core dump will be written. Minidumps are not enabled by default on client versions of Windows
#

---------------  S U M M A R Y ------------

Command Line: -Dclassworlds.conf=C:\Program Files\NetBeans-25\netbeans\java\maven\bin\m2.conf -Dmaven.home=C:\Program Files\NetBeans-25\netbeans\java\maven -Dlibrary.jansi.path=C:\Program Files\NetBeans-25\netbeans\java\maven\lib\jansi-native -Dmaven.multiModuleProjectDirectory=D:\projectadvance\ATM\ATMsim org.codehaus.plexus.classworlds.launcher.Launcher -Dexec.vmArgs= -Dexec.args=${exec.vmArgs} -classpath %classpath ${exec.mainClass} ${exec.appArgs} -Dexec.appArgs= -Dexec.mainClass=com.mycompany.atmsim.ATMsim -Dexec.executable=C:\Program Files\Java\jdk-23\bin\java.exe -Dmaven.ext.class.path=C:\Program Files\NetBeans-25\netbeans\java\maven-nblib\netbeans-eventspy.jar --no-transfer-progress process-classes org.codehaus.mojo:exec-maven-plugin:3.1.0:exec

Host: 11th Gen Intel(R) Core(TM) i7-11370H @ 3.30GHz, 8 cores, 15G,  Windows 11 , 64 bit Build 26100 (10.0.26100.3775)
Time: Wed Apr 30 04:16:36 2025 Egypt Daylight Time elapsed time: 2.117684 seconds (0d 0h 0m 2s)

---------------  T H R E A D  ---------------

Current thread (0x000001a145ebaa20):  JavaThread "C2 CompilerThread2" daemon [_thread_in_native, id=17900, stack(0x0000009b9ec00000,0x0000009b9ed00000) (1024K)]


Current CompileTask:
C2:2117 4059       4       java.lang.invoke.MethodType::methodType (69 bytes)

Stack: [0x0000009b9ec00000,0x0000009b9ed00000]
Native frames: (J=compiled Java code, j=interpreted, Vv=VM code, C=native code)
V  [jvm.dll+0x6e0b99]  (no source info available)
V  [jvm.dll+0x87e2b3]  (no source info available)
V  [jvm.dll+0x88073e]  (no source info available)
V  [jvm.dll+0x880e13]  (no source info available)
V  [jvm.dll+0x27b006]  (no source info available)
V  [jvm.dll+0xbc06f]  (no source info available)
V  [jvm.dll+0xbc2cb]  (no source info available)
V  [jvm.dll+0x3b3c5c]  (no source info available)
V  [jvm.dll+0x1dc4ae]  (no source info available)
V  [jvm.dll+0x244ce5]  (no source info available)
V  [jvm.dll+0x243eff]  (no source info available)
V  [jvm.dll+0x1c34b0]  (no source info available)
V  [jvm.dll+0x253df1]  (no source info available)
V  [jvm.dll+0x2520aa]  (no source info available)
V  [jvm.dll+0x3ee226]  (no source info available)
V  [jvm.dll+0x8254cb]  (no source info available)
V  [jvm.dll+0x6df345]  (no source info available)
C  [ucrtbase.dll+0x37b0]  (no source info available)
C  [KERNEL32.DLL+0x2e8d7]  (no source info available)
C  [ntdll.dll+0xb14fc]  (no source info available)

Lock stack of current Java thread (top to bottom):


---------------  P R O C E S S  ---------------

Threads class SMR info:
_java_thread_list=0x000001a145e60290, length=13, elements={
0x000001a1549f2e40, 0x000001a1761949d0, 0x000001a1761956e0, 0x000001a17619a7a0,
0x000001a17619b6e0, 0x000001a17619c140, 0x000001a17619cba0, 0x000001a17619d930,
0x000001a1761a6c60, 0x000001a145144590, 0x000001a145147420, 0x000001a1457dcb50,
0x000001a145ebaa20
}

Java Threads: ( => current thread )
  0x000001a1549f2e40 JavaThread "main"                              [_thread_in_vm, id=1856, stack(0x0000009b9d900000,0x0000009b9da00000) (1024K)]
  0x000001a1761949d0 JavaThread "Reference Handler"          daemon [_thread_blocked, id=29200, stack(0x0000009b9e100000,0x0000009b9e200000) (1024K)]
  0x000001a1761956e0 JavaThread "Finalizer"                  daemon [_thread_blocked, id=7940, stack(0x0000009b9e200000,0x0000009b9e300000) (1024K)]
  0x000001a17619a7a0 JavaThread "Signal Dispatcher"          daemon [_thread_blocked, id=6868, stack(0x0000009b9e300000,0x0000009b9e400000) (1024K)]
  0x000001a17619b6e0 JavaThread "Attach Listener"            daemon [_thread_blocked, id=16872, stack(0x0000009b9e400000,0x0000009b9e500000) (1024K)]
  0x000001a17619c140 JavaThread "Service Thread"             daemon [_thread_blocked, id=19376, stack(0x0000009b9e500000,0x0000009b9e600000) (1024K)]
  0x000001a17619cba0 JavaThread "Monitor Deflation Thread"   daemon [_thread_blocked, id=8068, stack(0x0000009b9e600000,0x0000009b9e700000) (1024K)]
  0x000001a17619d930 JavaThread "C2 CompilerThread0"         daemon [_thread_in_native, id=21356, stack(0x0000009b9e700000,0x0000009b9e800000) (1024K)]
  0x000001a1761a6c60 JavaThread "C1 CompilerThread0"         daemon [_thread_blocked, id=20980, stack(0x0000009b9e800000,0x0000009b9e900000) (1024K)]
  0x000001a145144590 JavaThread "Notification Thread"        daemon [_thread_blocked, id=16616, stack(0x0000009b9e900000,0x0000009b9ea00000) (1024K)]
  0x000001a145147420 JavaThread "Common-Cleaner"             daemon [_thread_blocked, id=25216, stack(0x0000009b9ea00000,0x0000009b9eb00000) (1024K)]
  0x000001a1457dcb50 JavaThread "C2 CompilerThread1"         daemon [_thread_in_native, id=20160, stack(0x0000009b9eb00000,0x0000009b9ec00000) (1024K)]
=>0x000001a145ebaa20 JavaThread "C2 CompilerThread2"         daemon [_thread_in_native, id=17900, stack(0x0000009b9ec00000,0x0000009b9ed00000) (1024K)]
Total: 13

Other Threads:
  0x000001a176177f80 VMThread "VM Thread"                           [id=21272, stack(0x0000009b9e000000,0x0000009b9e100000) (1024K)] _threads_hazard_ptr=0x000001a145e60290
  0x000001a176162480 WatcherThread "VM Periodic Task Thread"        [id=22876, stack(0x0000009b9df00000,0x0000009b9e000000) (1024K)]
  0x000001a156e35310 WorkerThread "GC Thread#0"                     [id=16784, stack(0x0000009b9da00000,0x0000009b9db00000) (1024K)]
  0x000001a1463c5e40 WorkerThread "GC Thread#1"                     [id=30964, stack(0x0000009b9ed00000,0x0000009b9ee00000) (1024K)]
  0x000001a146637470 WorkerThread "GC Thread#2"                     [id=15564, stack(0x0000009b9ee00000,0x0000009b9ef00000) (1024K)]
  0x000001a146637820 WorkerThread "GC Thread#3"                     [id=10112, stack(0x0000009b9ef00000,0x0000009b9f000000) (1024K)]
  0x000001a146637bd0 WorkerThread "GC Thread#4"                     [id=19120, stack(0x0000009b9f000000,0x0000009b9f100000) (1024K)]
  0x000001a1462de980 WorkerThread "GC Thread#5"                     [id=31088, stack(0x0000009b9f100000,0x0000009b9f200000) (1024K)]
  0x000001a14624aaf0 WorkerThread "GC Thread#6"                     [id=14396, stack(0x0000009b9f200000,0x0000009b9f300000) (1024K)]
  0x000001a1463c9e90 WorkerThread "GC Thread#7"                     [id=15004, stack(0x0000009b9f300000,0x0000009b9f400000) (1024K)]
  0x000001a156e49fb0 ConcurrentGCThread "G1 Main Marker"            [id=24524, stack(0x0000009b9db00000,0x0000009b9dc00000) (1024K)]
  0x000001a156e4b940 WorkerThread "G1 Conc#0"                       [id=23344, stack(0x0000009b9dc00000,0x0000009b9dd00000) (1024K)]
  0x000001a146ccdfb0 WorkerThread "G1 Conc#1"                       [id=26772, stack(0x0000009b9f400000,0x0000009b9f500000) (1024K)]
  0x000001a156e8ea40 ConcurrentGCThread "G1 Refine#0"               [id=15196, stack(0x0000009b9dd00000,0x0000009b9de00000) (1024K)]
  0x000001a17602e600 ConcurrentGCThread "G1 Service"                [id=18212, stack(0x0000009b9de00000,0x0000009b9df00000) (1024K)]
Total: 15

Threads with active compile tasks:
C2 CompilerThread0  2179 4254       4       java.lang.invoke.MethodType::makeImpl (109 bytes)
C2 CompilerThread1  2179 4270   !   4       jdk.internal.loader.BuiltinClassLoader::loadClassOrNull (143 bytes)
C2 CompilerThread2  2179 4059       4       java.lang.invoke.MethodType::methodType (69 bytes)
Total: 3

VM state: synchronizing (normal execution)

VM Mutex/Monitor currently owned by a thread:  ([mutex/lock_event])
[0x00007ffbf4882888] Metaspace_lock - owner thread: 0x000001a1549f2e40
[0x00007ffbf4884888] Threads_lock - owner thread: 0x000001a176177f80
[0x00007ffbf4884988] Heap_lock - owner thread: 0x000001a156e49fb0

Heap address: 0x0000000703600000, size: 4042 MB, Compressed Oops mode: Zero based, Oop shift amount: 3

CDS archive(s) mapped at: [0x000001a100000000-0x000001a100d70000-0x000001a100d70000), size 14090240, SharedBaseAddress: 0x000001a100000000, ArchiveRelocationMode: 1.
Compressed class space mapped at: 0x000001a101000000-0x000001a141000000, reserved size: 1073741824
Narrow klass base: 0x000001a100000000, Narrow klass shift: 0, Narrow klass range: 0x41000000

GC Precious Log:
 CardTable entry size: 512
 Card Set container configuration: InlinePtr #cards 4 size 8 Array Of Cards #cards 16 size 48 Howl #buckets 8 coarsen threshold 3686 Howl Bitmap #cards 512 size 80 coarsen threshold 460 Card regions per heap region 1 cards per card region 4096
 CPUs: 8 total, 8 available
 Memory: 16167M
 Large Page Support: Disabled
 NUMA Support: Disabled
 Compressed Oops: Enabled (Zero based)
 Heap Region Size: 2M
 Heap Min Capacity: 8M
 Heap Initial Capacity: 254M
 Heap Max Capacity: 4042M
 Pre-touch: Disabled
 Parallel Workers: 8
 Concurrent Workers: 2
 Concurrent Refinement Workers: 8
 Periodic GC: Disabled

Heap:
 garbage-first heap   total reserved 4139008K, committed 260096K, used 19251K [0x0000000703600000, 0x0000000800000000)
  region size 2048K, 4 young (8192K), 3 survivors (6144K)
 Metaspace       used 21399K, committed 21696K, reserved 1114112K
  class space    used 2658K, committed 2816K, reserved 1048576K

Heap Regions: E=young(eden), S=young(survivor), O=old, HS=humongous(starts), HC=humongous(continues), CS=collection set, F=free, TAMS=top-at-mark-start, PB=parsable bottom
|   0|0x0000000703600000, 0x0000000703800000, 0x0000000703800000|100%| O|  |TAMS 0x0000000703800000| PB 0x0000000703600000| Untracked |  0
|   1|0x0000000703800000, 0x0000000703a00000, 0x0000000703a00000|100%| O|  |TAMS 0x00000007039aead0| PB 0x0000000703800000| Untracked |  0
|   2|0x0000000703a00000, 0x0000000703c00000, 0x0000000703c00000|100%|HS|  |TAMS 0x0000000703c00000| PB 0x0000000703a00000| Complete |  0
|   3|0x0000000703c00000, 0x0000000703e00000, 0x0000000703e00000|100%|HS|  |TAMS 0x0000000703e00000| PB 0x0000000703c00000| Complete |  0
|   4|0x0000000703e00000, 0x0000000704000000, 0x0000000704000000|100%| O|  |TAMS 0x0000000703e00000| PB 0x0000000703e00000| Untracked |  0
|   5|0x0000000704000000, 0x0000000704200000, 0x0000000704200000|100%| O|  |TAMS 0x0000000704000000| PB 0x0000000704000000| Untracked |  0
|   6|0x0000000704200000, 0x0000000704400000, 0x0000000704400000|100%| O|  |TAMS 0x0000000704200000| PB 0x0000000704200000| Untracked |  0
|   7|0x0000000704400000, 0x0000000704422880, 0x0000000704600000|  6%| O|  |TAMS 0x0000000704400000| PB 0x0000000704400000| Untracked |  0
|   8|0x0000000704600000, 0x0000000704600000, 0x0000000704800000|  0%| F|  |TAMS 0x0000000704600000| PB 0x0000000704600000| Untracked |  0
|   9|0x0000000704800000, 0x0000000704800000, 0x0000000704a00000|  0%| F|  |TAMS 0x0000000704800000| PB 0x0000000704800000| Untracked |  0
|  10|0x0000000704a00000, 0x0000000704a00000, 0x0000000704c00000|  0%| F|  |TAMS 0x0000000704a00000| PB 0x0000000704a00000| Untracked |  0
|  11|0x0000000704c00000, 0x0000000704c00000, 0x0000000704e00000|  0%| F|  |TAMS 0x0000000704c00000| PB 0x0000000704c00000| Untracked |  0
|  12|0x0000000704e00000, 0x0000000704e00000, 0x0000000705000000|  0%| F|  |TAMS 0x0000000704e00000| PB 0x0000000704e00000| Untracked |  0
|  13|0x0000000705000000, 0x0000000705000000, 0x0000000705200000|  0%| F|  |TAMS 0x0000000705000000| PB 0x0000000705000000| Untracked |  0
|  14|0x0000000705200000, 0x0000000705200000, 0x0000000705400000|  0%| F|  |TAMS 0x0000000705200000| PB 0x0000000705200000| Untracked |  0
|  15|0x0000000705400000, 0x0000000705400000, 0x0000000705600000|  0%| F|  |TAMS 0x0000000705400000| PB 0x0000000705400000| Untracked |  0
|  16|0x0000000705600000, 0x0000000705600000, 0x0000000705800000|  0%| F|  |TAMS 0x0000000705600000| PB 0x0000000705600000| Untracked |  0
|  17|0x0000000705800000, 0x0000000705800000, 0x0000000705a00000|  0%| F|  |TAMS 0x0000000705800000| PB 0x0000000705800000| Untracked |  0
|  18|0x0000000705a00000, 0x0000000705a00000, 0x0000000705c00000|  0%| F|  |TAMS 0x0000000705a00000| PB 0x0000000705a00000| Untracked |  0
|  19|0x0000000705c00000, 0x0000000705c00000, 0x0000000705e00000|  0%| F|  |TAMS 0x0000000705c00000| PB 0x0000000705c00000| Untracked |  0
|  20|0x0000000705e00000, 0x0000000705e00000, 0x0000000706000000|  0%| F|  |TAMS 0x0000000705e00000| PB 0x0000000705e00000| Untracked |  0
|  21|0x0000000706000000, 0x0000000706000000, 0x0000000706200000|  0%| F|  |TAMS 0x0000000706000000| PB 0x0000000706000000| Untracked |  0
|  22|0x0000000706200000, 0x0000000706200000, 0x0000000706400000|  0%| F|  |TAMS 0x0000000706200000| PB 0x0000000706200000| Untracked |  0
|  23|0x0000000706400000, 0x0000000706400000, 0x0000000706600000|  0%| F|  |TAMS 0x0000000706400000| PB 0x0000000706400000| Untracked |  0
|  24|0x0000000706600000, 0x0000000706600000, 0x0000000706800000|  0%| F|  |TAMS 0x0000000706600000| PB 0x0000000706600000| Untracked |  0
|  25|0x0000000706800000, 0x0000000706800000, 0x0000000706a00000|  0%| F|  |TAMS 0x0000000706800000| PB 0x0000000706800000| Untracked |  0
|  26|0x0000000706a00000, 0x0000000706a00000, 0x0000000706c00000|  0%| F|  |TAMS 0x0000000706a00000| PB 0x0000000706a00000| Untracked |  0
|  27|0x0000000706c00000, 0x0000000706c00000, 0x0000000706e00000|  0%| F|  |TAMS 0x0000000706c00000| PB 0x0000000706c00000| Untracked |  0
|  28|0x0000000706e00000, 0x0000000706e00000, 0x0000000707000000|  0%| F|  |TAMS 0x0000000706e00000| PB 0x0000000706e00000| Untracked |  0
|  29|0x0000000707000000, 0x0000000707000000, 0x0000000707200000|  0%| F|  |TAMS 0x0000000707000000| PB 0x0000000707000000| Untracked |  0
|  30|0x0000000707200000, 0x0000000707200000, 0x0000000707400000|  0%| F|  |TAMS 0x0000000707200000| PB 0x0000000707200000| Untracked |  0
|  31|0x0000000707400000, 0x0000000707400000, 0x0000000707600000|  0%| F|  |TAMS 0x0000000707400000| PB 0x0000000707400000| Untracked |  0
|  32|0x0000000707600000, 0x0000000707600000, 0x0000000707800000|  0%| F|  |TAMS 0x0000000707600000| PB 0x0000000707600000| Untracked |  0
|  33|0x0000000707800000, 0x0000000707800000, 0x0000000707a00000|  0%| F|  |TAMS 0x0000000707800000| PB 0x0000000707800000| Untracked |  0
|  34|0x0000000707a00000, 0x0000000707a00000, 0x0000000707c00000|  0%| F|  |TAMS 0x0000000707a00000| PB 0x0000000707a00000| Untracked |  0
|  35|0x0000000707c00000, 0x0000000707c00000, 0x0000000707e00000|  0%| F|  |TAMS 0x0000000707c00000| PB 0x0000000707c00000| Untracked |  0
|  36|0x0000000707e00000, 0x0000000707e00000, 0x0000000708000000|  0%| F|  |TAMS 0x0000000707e00000| PB 0x0000000707e00000| Untracked |  0
|  37|0x0000000708000000, 0x0000000708000000, 0x0000000708200000|  0%| F|  |TAMS 0x0000000708000000| PB 0x0000000708000000| Untracked |  0
|  38|0x0000000708200000, 0x0000000708200000, 0x0000000708400000|  0%| F|  |TAMS 0x0000000708200000| PB 0x0000000708200000| Untracked |  0
|  39|0x0000000708400000, 0x0000000708400000, 0x0000000708600000|  0%| F|  |TAMS 0x0000000708400000| PB 0x0000000708400000| Untracked |  0
|  40|0x0000000708600000, 0x0000000708600000, 0x0000000708800000|  0%| F|  |TAMS 0x0000000708600000| PB 0x0000000708600000| Untracked |  0
|  41|0x0000000708800000, 0x0000000708800000, 0x0000000708a00000|  0%| F|  |TAMS 0x0000000708800000| PB 0x0000000708800000| Untracked |  0
|  42|0x0000000708a00000, 0x0000000708a00000, 0x0000000708c00000|  0%| F|  |TAMS 0x0000000708a00000| PB 0x0000000708a00000| Untracked |  0
|  43|0x0000000708c00000, 0x0000000708c00000, 0x0000000708e00000|  0%| F|  |TAMS 0x0000000708c00000| PB 0x0000000708c00000| Untracked |  0
|  44|0x0000000708e00000, 0x0000000708e00000, 0x0000000709000000|  0%| F|  |TAMS 0x0000000708e00000| PB 0x0000000708e00000| Untracked |  0
|  45|0x0000000709000000, 0x0000000709000000, 0x0000000709200000|  0%| F|  |TAMS 0x0000000709000000| PB 0x0000000709000000| Untracked |  0
|  46|0x0000000709200000, 0x0000000709200000, 0x0000000709400000|  0%| F|  |TAMS 0x0000000709200000| PB 0x0000000709200000| Untracked |  0
|  47|0x0000000709400000, 0x0000000709400000, 0x0000000709600000|  0%| F|  |TAMS 0x0000000709400000| PB 0x0000000709400000| Untracked |  0
|  48|0x0000000709600000, 0x0000000709600000, 0x0000000709800000|  0%| F|  |TAMS 0x0000000709600000| PB 0x0000000709600000| Untracked |  0
|  49|0x0000000709800000, 0x0000000709800000, 0x0000000709a00000|  0%| F|  |TAMS 0x0000000709800000| PB 0x0000000709800000| Untracked |  0
|  50|0x0000000709a00000, 0x0000000709a00000, 0x0000000709c00000|  0%| F|  |TAMS 0x0000000709a00000| PB 0x0000000709a00000| Untracked |  0
|  51|0x0000000709c00000, 0x0000000709c00000, 0x0000000709e00000|  0%| F|  |TAMS 0x0000000709c00000| PB 0x0000000709c00000| Untracked |  0
|  52|0x0000000709e00000, 0x0000000709e00000, 0x000000070a000000|  0%| F|  |TAMS 0x0000000709e00000| PB 0x0000000709e00000| Untracked |  0
|  53|0x000000070a000000, 0x000000070a000000, 0x000000070a200000|  0%| F|  |TAMS 0x000000070a000000| PB 0x000000070a000000| Untracked |  0
|  54|0x000000070a200000, 0x000000070a200000, 0x000000070a400000|  0%| F|  |TAMS 0x000000070a200000| PB 0x000000070a200000| Untracked |  0
|  55|0x000000070a400000, 0x000000070a400000, 0x000000070a600000|  0%| F|  |TAMS 0x000000070a400000| PB 0x000000070a400000| Untracked |  0
|  56|0x000000070a600000, 0x000000070a600000, 0x000000070a800000|  0%| F|  |TAMS 0x000000070a600000| PB 0x000000070a600000| Untracked |  0
|  57|0x000000070a800000, 0x000000070a800000, 0x000000070aa00000|  0%| F|  |TAMS 0x000000070a800000| PB 0x000000070a800000| Untracked |  0
|  58|0x000000070aa00000, 0x000000070aa00000, 0x000000070ac00000|  0%| F|  |TAMS 0x000000070aa00000| PB 0x000000070aa00000| Untracked |  0
|  59|0x000000070ac00000, 0x000000070ac00000, 0x000000070ae00000|  0%| F|  |TAMS 0x000000070ac00000| PB 0x000000070ac00000| Untracked |  0
|  60|0x000000070ae00000, 0x000000070ae00000, 0x000000070b000000|  0%| F|  |TAMS 0x000000070ae00000| PB 0x000000070ae00000| Untracked |  0
|  61|0x000000070b000000, 0x000000070b000000, 0x000000070b200000|  0%| F|  |TAMS 0x000000070b000000| PB 0x000000070b000000| Untracked |  0
|  62|0x000000070b200000, 0x000000070b200000, 0x000000070b400000|  0%| F|  |TAMS 0x000000070b200000| PB 0x000000070b200000| Untracked |  0
|  63|0x000000070b400000, 0x000000070b400000, 0x000000070b600000|  0%| F|  |TAMS 0x000000070b400000| PB 0x000000070b400000| Untracked |  0
|  64|0x000000070b600000, 0x000000070b600000, 0x000000070b800000|  0%| F|  |TAMS 0x000000070b600000| PB 0x000000070b600000| Untracked |  0
|  65|0x000000070b800000, 0x000000070b800000, 0x000000070ba00000|  0%| F|  |TAMS 0x000000070b800000| PB 0x000000070b800000| Untracked |  0
|  66|0x000000070ba00000, 0x000000070ba00000, 0x000000070bc00000|  0%| F|  |TAMS 0x000000070ba00000| PB 0x000000070ba00000| Untracked |  0
|  67|0x000000070bc00000, 0x000000070bc00000, 0x000000070be00000|  0%| F|  |TAMS 0x000000070bc00000| PB 0x000000070bc00000| Untracked |  0
|  68|0x000000070be00000, 0x000000070be00000, 0x000000070c000000|  0%| F|  |TAMS 0x000000070be00000| PB 0x000000070be00000| Untracked |  0
|  69|0x000000070c000000, 0x000000070c000000, 0x000000070c200000|  0%| F|  |TAMS 0x000000070c000000| PB 0x000000070c000000| Untracked |  0
|  70|0x000000070c200000, 0x000000070c200000, 0x000000070c400000|  0%| F|  |TAMS 0x000000070c200000| PB 0x000000070c200000| Untracked |  0
|  71|0x000000070c400000, 0x000000070c400000, 0x000000070c600000|  0%| F|  |TAMS 0x000000070c400000| PB 0x000000070c400000| Untracked |  0
|  72|0x000000070c600000, 0x000000070c600000, 0x000000070c800000|  0%| F|  |TAMS 0x000000070c600000| PB 0x000000070c600000| Untracked |  0
|  73|0x000000070c800000, 0x000000070c800000, 0x000000070ca00000|  0%| F|  |TAMS 0x000000070c800000| PB 0x000000070c800000| Untracked |  0
|  74|0x000000070ca00000, 0x000000070ca00000, 0x000000070cc00000|  0%| F|  |TAMS 0x000000070ca00000| PB 0x000000070ca00000| Untracked |  0
|  75|0x000000070cc00000, 0x000000070cc00000, 0x000000070ce00000|  0%| F|  |TAMS 0x000000070cc00000| PB 0x000000070cc00000| Untracked |  0
|  76|0x000000070ce00000, 0x000000070ce00000, 0x000000070d000000|  0%| F|  |TAMS 0x000000070ce00000| PB 0x000000070ce00000| Untracked |  0
|  77|0x000000070d000000, 0x000000070d000000, 0x000000070d200000|  0%| F|  |TAMS 0x000000070d000000| PB 0x000000070d000000| Untracked |  0
|  78|0x000000070d200000, 0x000000070d200000, 0x000000070d400000|  0%| F|  |TAMS 0x000000070d200000| PB 0x000000070d200000| Untracked |  0
|  79|0x000000070d400000, 0x000000070d400000, 0x000000070d600000|  0%| F|  |TAMS 0x000000070d400000| PB 0x000000070d400000| Untracked |  0
|  80|0x000000070d600000, 0x000000070d600000, 0x000000070d800000|  0%| F|  |TAMS 0x000000070d600000| PB 0x000000070d600000| Untracked |  0
|  81|0x000000070d800000, 0x000000070d800000, 0x000000070da00000|  0%| F|  |TAMS 0x000000070d800000| PB 0x000000070d800000| Untracked |  0
|  82|0x000000070da00000, 0x000000070da00000, 0x000000070dc00000|  0%| F|  |TAMS 0x000000070da00000| PB 0x000000070da00000| Untracked |  0
|  83|0x000000070dc00000, 0x000000070dc00000, 0x000000070de00000|  0%| F|  |TAMS 0x000000070dc00000| PB 0x000000070dc00000| Untracked |  0
|  84|0x000000070de00000, 0x000000070de00000, 0x000000070e000000|  0%| F|  |TAMS 0x000000070de00000| PB 0x000000070de00000| Untracked |  0
|  85|0x000000070e000000, 0x000000070e000000, 0x000000070e200000|  0%| F|  |TAMS 0x000000070e000000| PB 0x000000070e000000| Untracked |  0
|  86|0x000000070e200000, 0x000000070e200000, 0x000000070e400000|  0%| F|  |TAMS 0x000000070e200000| PB 0x000000070e200000| Untracked |  0
|  87|0x000000070e400000, 0x000000070e400000, 0x000000070e600000|  0%| F|  |TAMS 0x000000070e400000| PB 0x000000070e400000| Untracked |  0
|  88|0x000000070e600000, 0x000000070e600000, 0x000000070e800000|  0%| F|  |TAMS 0x000000070e600000| PB 0x000000070e600000| Untracked |  0
|  89|0x000000070e800000, 0x000000070e800000, 0x000000070ea00000|  0%| F|  |TAMS 0x000000070e800000| PB 0x000000070e800000| Untracked |  0
|  90|0x000000070ea00000, 0x000000070ea00000, 0x000000070ec00000|  0%| F|  |TAMS 0x000000070ea00000| PB 0x000000070ea00000| Untracked |  0
|  91|0x000000070ec00000, 0x000000070ec00000, 0x000000070ee00000|  0%| F|  |TAMS 0x000000070ec00000| PB 0x000000070ec00000| Untracked |  0
|  92|0x000000070ee00000, 0x000000070ee00000, 0x000000070f000000|  0%| F|  |TAMS 0x000000070ee00000| PB 0x000000070ee00000| Untracked |  0
|  93|0x000000070f000000, 0x000000070f000000, 0x000000070f200000|  0%| F|  |TAMS 0x000000070f000000| PB 0x000000070f000000| Untracked |  0
|  94|0x000000070f200000, 0x000000070f200000, 0x000000070f400000|  0%| F|  |TAMS 0x000000070f200000| PB 0x000000070f200000| Untracked |  0
|  95|0x000000070f400000, 0x000000070f400000, 0x000000070f600000|  0%| F|  |TAMS 0x000000070f400000| PB 0x000000070f400000| Untracked |  0
|  96|0x000000070f600000, 0x000000070f600000, 0x000000070f800000|  0%| F|  |TAMS 0x000000070f600000| PB 0x000000070f600000| Untracked |  0
|  97|0x000000070f800000, 0x000000070f800000, 0x000000070fa00000|  0%| F|  |TAMS 0x000000070f800000| PB 0x000000070f800000| Untracked |  0
|  98|0x000000070fa00000, 0x000000070fa00000, 0x000000070fc00000|  0%| F|  |TAMS 0x000000070fa00000| PB 0x000000070fa00000| Untracked |  0
|  99|0x000000070fc00000, 0x000000070fc00000, 0x000000070fe00000|  0%| F|  |TAMS 0x000000070fc00000| PB 0x000000070fc00000| Untracked |  0
| 100|0x000000070fe00000, 0x000000070fe00000, 0x0000000710000000|  0%| F|  |TAMS 0x000000070fe00000| PB 0x000000070fe00000| Untracked |  0
| 101|0x0000000710000000, 0x0000000710000000, 0x0000000710200000|  0%| F|  |TAMS 0x0000000710000000| PB 0x0000000710000000| Untracked |  0
| 102|0x0000000710200000, 0x0000000710200000, 0x0000000710400000|  0%| F|  |TAMS 0x0000000710200000| PB 0x0000000710200000| Untracked |  0
| 103|0x0000000710400000, 0x0000000710400000, 0x0000000710600000|  0%| F|  |TAMS 0x0000000710400000| PB 0x0000000710400000| Untracked |  0
| 104|0x0000000710600000, 0x0000000710600000, 0x0000000710800000|  0%| F|  |TAMS 0x0000000710600000| PB 0x0000000710600000| Untracked |  0
| 105|0x0000000710800000, 0x0000000710800000, 0x0000000710a00000|  0%| F|  |TAMS 0x0000000710800000| PB 0x0000000710800000| Untracked |  0
| 106|0x0000000710a00000, 0x0000000710a00000, 0x0000000710c00000|  0%| F|  |TAMS 0x0000000710a00000| PB 0x0000000710a00000| Untracked |  0
| 107|0x0000000710c00000, 0x0000000710c00000, 0x0000000710e00000|  0%| F|  |TAMS 0x0000000710c00000| PB 0x0000000710c00000| Untracked |  0
| 108|0x0000000710e00000, 0x0000000710e00000, 0x0000000711000000|  0%| F|  |TAMS 0x0000000710e00000| PB 0x0000000710e00000| Untracked |  0
| 109|0x0000000711000000, 0x0000000711000000, 0x0000000711200000|  0%| F|  |TAMS 0x0000000711000000| PB 0x0000000711000000| Untracked |  0
| 110|0x0000000711200000, 0x0000000711200000, 0x0000000711400000|  0%| F|  |TAMS 0x0000000711200000| PB 0x0000000711200000| Untracked |  0
| 111|0x0000000711400000, 0x0000000711400000, 0x0000000711600000|  0%| F|  |TAMS 0x0000000711400000| PB 0x0000000711400000| Untracked |  0
| 112|0x0000000711600000, 0x0000000711600000, 0x0000000711800000|  0%| F|  |TAMS 0x0000000711600000| PB 0x0000000711600000| Untracked |  0
| 113|0x0000000711800000, 0x0000000711800000, 0x0000000711a00000|  0%| F|  |TAMS 0x0000000711800000| PB 0x0000000711800000| Untracked |  0
| 114|0x0000000711a00000, 0x0000000711a00000, 0x0000000711c00000|  0%| F|  |TAMS 0x0000000711a00000| PB 0x0000000711a00000| Untracked |  0
| 115|0x0000000711c00000, 0x0000000711c00000, 0x0000000711e00000|  0%| F|  |TAMS 0x0000000711c00000| PB 0x0000000711c00000| Untracked |  0
| 116|0x0000000711e00000, 0x0000000711e00000, 0x0000000712000000|  0%| F|  |TAMS 0x0000000711e00000| PB 0x0000000711e00000| Untracked |  0
| 117|0x0000000712000000, 0x00000007120aa460, 0x0000000712200000| 33%| S|CS|TAMS 0x0000000712000000| PB 0x0000000712000000| Complete |  0
| 118|0x0000000712200000, 0x0000000712400000, 0x0000000712400000|100%| S|CS|TAMS 0x0000000712200000| PB 0x0000000712200000| Complete |  0
| 119|0x0000000712400000, 0x0000000712600000, 0x0000000712600000|100%| S|CS|TAMS 0x0000000712400000| PB 0x0000000712400000| Complete |  0
| 120|0x0000000712600000, 0x0000000712600000, 0x0000000712800000|  0%| F|  |TAMS 0x0000000712600000| PB 0x0000000712600000| Untracked |  0
| 121|0x0000000712800000, 0x0000000712800000, 0x0000000712a00000|  0%| F|  |TAMS 0x0000000712800000| PB 0x0000000712800000| Untracked |  0
| 122|0x0000000712a00000, 0x0000000712a00000, 0x0000000712c00000|  0%| F|  |TAMS 0x0000000712a00000| PB 0x0000000712a00000| Untracked |  0
| 123|0x0000000712c00000, 0x0000000712c00000, 0x0000000712e00000|  0%| F|  |TAMS 0x0000000712c00000| PB 0x0000000712c00000| Untracked |  0
| 124|0x0000000712e00000, 0x0000000712e00000, 0x0000000713000000|  0%| F|  |TAMS 0x0000000712e00000| PB 0x0000000712e00000| Untracked |  0
| 125|0x0000000713000000, 0x0000000713000000, 0x0000000713200000|  0%| F|  |TAMS 0x0000000713000000| PB 0x0000000713000000| Untracked |  0
| 126|0x0000000713200000, 0x0000000713347660, 0x0000000713400000| 63%| E|  |TAMS 0x0000000713200000| PB 0x0000000713200000| Complete |  0

Card table byte_map: [0x000001a16f030000,0x000001a16f820000] _byte_map_base: 0x000001a16b815000

Marking Bits: (CMBitMap*) 0x000001a156e35a20
 Bits: [0x000001a16f820000, 0x000001a173748000)

Polling page: 0x000001a154c00000

Metaspace:

Usage:
  Non-class:     18.30 MB used.
      Class:      2.60 MB used.
       Both:     20.90 MB used.

Virtual space:
  Non-class space:       64.00 MB reserved,      18.44 MB ( 29%) committed,  1 nodes.
      Class space:        1.00 GB reserved,       2.75 MB ( <1%) committed,  1 nodes.
             Both:        1.06 GB reserved,      21.19 MB (  2%) committed. 

Chunk freelists:
   Non-Class:  12.98 MB
       Class:  13.23 MB
        Both:  26.22 MB

MaxMetaspaceSize: unlimited
CompressedClassSpaceSize: 1.00 GB
Initial GC threshold: 21.00 MB
Current GC threshold: 21.31 MB
CDS: on
 - commit_granule_bytes: 65536.
 - commit_granule_words: 8192.
 - virtual_space_node_default_size: 8388608.
 - enlarge_chunks_in_place: 1.
 - use_allocation_guard: 0.


Internal statistics:

num_allocs_failed_limit: 3.
num_arena_births: 210.
num_arena_deaths: 0.
num_vsnodes_births: 2.
num_vsnodes_deaths: 0.
num_space_committed: 339.
num_space_uncommitted: 0.
num_chunks_returned_to_freelist: 3.
num_chunks_taken_from_freelist: 931.
num_chunk_merges: 3.
num_chunk_splits: 661.
num_chunks_enlarged: 534.
num_inconsistent_stats: 0.

CodeHeap 'non-profiled nmethods': size=120064Kb used=1526Kb max_used=1526Kb free=118537Kb
 bounds [0x000001a166fd0000, 0x000001a167240000, 0x000001a16e510000]
CodeHeap 'profiled nmethods': size=120000Kb used=6398Kb max_used=6398Kb free=113601Kb
 bounds [0x000001a15f510000, 0x000001a15fb50000, 0x000001a166a40000]
CodeHeap 'non-nmethods': size=5696Kb used=1562Kb max_used=1582Kb free=4133Kb
 bounds [0x000001a166a40000, 0x000001a166cb0000, 0x000001a166fd0000]
CodeCache: size=245760Kb, used=9486Kb, max_used=9506Kb, free=236271Kb
 total_blobs=4827, nmethods=4288, adapters=443, full_count=0
Compilation: enabled, stopped_count=0, restarted_count=0

Compilation events (20 events):
Event: 2.097 Thread 0x000001a1761a6c60 4279       3       java.lang.ClassLoader::defineClass (108 bytes)
Event: 2.097 Thread 0x000001a1761a6c60 nmethod 4279 0x000001a15fb49d08 code [0x000001a15fb49f80, 0x000001a15fb4af10]
Event: 2.100 Thread 0x000001a1761a6c60 4280       3       java.lang.invoke.InnerClassLambdaMetafactory::getLoadOpcode (26 bytes)
Event: 2.100 Thread 0x000001a1761a6c60 nmethod 4280 0x000001a15fb4b008 code [0x000001a15fb4b140, 0x000001a15fb4b358]
Event: 2.100 Thread 0x000001a1761a6c60 4281       3       java.lang.invoke.InnerClassLambdaMetafactory::getParameterSize (27 bytes)
Event: 2.100 Thread 0x000001a1761a6c60 nmethod 4281 0x000001a15fb4b388 code [0x000001a15fb4b4c0, 0x000001a15fb4b6b0]
Event: 2.105 Thread 0x000001a1761a6c60 4282       3       java.lang.invoke.MethodHandles$Lookup::resolveOrFail (48 bytes)
Event: 2.106 Thread 0x000001a1761a6c60 nmethod 4282 0x000001a15fb4b708 code [0x000001a15fb4b8c0, 0x000001a15fb4bf70]
Event: 2.106 Thread 0x000001a1761a6c60 4283       3       java.lang.invoke.MethodHandles$Lookup::checkMethodName (45 bytes)
Event: 2.106 Thread 0x000001a1761a6c60 nmethod 4283 0x000001a15fb4c008 code [0x000001a15fb4c1c0, 0x000001a15fb4c8e0]
Event: 2.115 Thread 0x000001a1761a6c60 4284       3       java.nio.DirectByteBufferR::<init> (25 bytes)
Event: 2.115 Thread 0x000001a1761a6c60 nmethod 4284 0x000001a15fb4c988 code [0x000001a15fb4caa0, 0x000001a15fb4cc20]
Event: 2.115 Thread 0x000001a1761a6c60 4288       3       java.security.SecureClassLoader::defineClass (12 bytes)
Event: 2.115 Thread 0x000001a1761a6c60 nmethod 4288 0x000001a15fb4cc88 code [0x000001a15fb4cdc0, 0x000001a15fb4cf58]
Event: 2.115 Thread 0x000001a1761a6c60 4285       3       jdk.internal.module.SystemModuleFinders$SystemModuleReader::release (10 bytes)
Event: 2.115 Thread 0x000001a1761a6c60 nmethod 4285 0x000001a15fb4cf88 code [0x000001a15fb4d0e0, 0x000001a15fb4d548]
Event: 2.115 Thread 0x000001a1761a6c60 4286       3       jdk.internal.jimage.ImageReader::releaseByteBuffer (5 bytes)
Event: 2.116 Thread 0x000001a1761a6c60 nmethod 4286 0x000001a15fb4d588 code [0x000001a15fb4d6c0, 0x000001a15fb4d968]
Event: 2.116 Thread 0x000001a1761a6c60 4287       3       jdk.internal.jimage.BasicImageReader::releaseByteBuffer (16 bytes)
Event: 2.116 Thread 0x000001a1761a6c60 nmethod 4287 0x000001a15fb4d988 code [0x000001a15fb4dac0, 0x000001a15fb4dd10]

GC Heap History (6 events):
Event: 0.483 GC heap before
{Heap before GC invocations=0 (full 0):
 garbage-first heap   total reserved 4139008K, committed 260096K, used 24576K [0x0000000703600000, 0x0000000800000000)
  region size 2048K, 12 young (24576K), 0 survivors (0K)
 Metaspace       used 5914K, committed 6144K, reserved 1114112K
  class space    used 727K, committed 832K, reserved 1048576K
}
Event: 0.487 GC heap after
{Heap after GC invocations=1 (full 0):
 garbage-first heap   total reserved 4139008K, committed 260096K, used 4061K [0x0000000703600000, 0x0000000800000000)
  region size 2048K, 2 young (4096K), 2 survivors (4096K)
 Metaspace       used 5914K, committed 6144K, reserved 1114112K
  class space    used 727K, committed 832K, reserved 1048576K
}
Event: 0.805 GC heap before
{Heap before GC invocations=1 (full 0):
 garbage-first heap   total reserved 4139008K, committed 260096K, used 24541K [0x0000000703600000, 0x0000000800000000)
  region size 2048K, 13 young (26624K), 2 survivors (4096K)
 Metaspace       used 8454K, committed 8704K, reserved 1114112K
  class space    used 1025K, committed 1152K, reserved 1048576K
}
Event: 0.807 GC heap after
{Heap after GC invocations=2 (full 0):
 garbage-first heap   total reserved 4139008K, committed 260096K, used 4963K [0x0000000703600000, 0x0000000800000000)
  region size 2048K, 1 young (2048K), 1 survivors (2048K)
 Metaspace       used 8454K, committed 8704K, reserved 1114112K
  class space    used 1025K, committed 1152K, reserved 1048576K
}
Event: 1.894 GC heap before
{Heap before GC invocations=2 (full 0):
 garbage-first heap   total reserved 4139008K, committed 260096K, used 68451K [0x0000000703600000, 0x0000000800000000)
  region size 2048K, 33 young (67584K), 1 survivors (2048K)
 Metaspace       used 17100K, committed 17408K, reserved 1114112K
  class space    used 2095K, committed 2240K, reserved 1048576K
}
Event: 1.899 GC heap after
{Heap after GC invocations=3 (full 0):
 garbage-first heap   total reserved 4139008K, committed 260096K, used 10601K [0x0000000703600000, 0x0000000800000000)
  region size 2048K, 4 young (8192K), 4 survivors (8192K)
 Metaspace       used 17100K, committed 17408K, reserved 1114112K
  class space    used 2095K, committed 2240K, reserved 1048576K
}

Dll operation events (8 events):
Event: 0.010 Loaded shared library C:\Program Files\Java\jdk-23\bin\java.dll
Event: 0.046 Loaded shared library C:\Program Files\Java\jdk-23\bin\jsvml.dll
Event: 0.065 Loaded shared library C:\Program Files\Java\jdk-23\bin\net.dll
Event: 0.067 Loaded shared library C:\Program Files\Java\jdk-23\bin\nio.dll
Event: 0.071 Loaded shared library C:\Program Files\Java\jdk-23\bin\zip.dll
Event: 0.154 Loaded shared library C:\Program Files\Java\jdk-23\bin\jimage.dll
Event: 0.154 Loaded shared library C:\Program Files\NetBeans-25\netbeans\java\maven\lib\jansi-native\Windows\x86_64\jansi.dll
Event: 0.163 Loaded shared library C:\Program Files\Java\jdk-23\bin\verify.dll

Deoptimization events (20 events):
Event: 2.010 Thread 0x000001a1549f2e40 Uncommon trap: trap_request=0xffffff45 fr.pc=0x000001a166fe0db0 relative=0x0000000000000190
Event: 2.010 Thread 0x000001a1549f2e40 Uncommon trap: reason=unstable_if action=reinterpret pc=0x000001a166fe0db0 method=jdk.internal.util.ArraysSupport.vectorizedHashCode(Ljava/lang/Object;IIII)I @ 2 c2
Event: 2.010 Thread 0x000001a1549f2e40 DEOPT PACKING pc=0x000001a166fe0db0 sp=0x0000009b9d9fcbc0
Event: 2.010 Thread 0x000001a1549f2e40 DEOPT UNPACKING pc=0x000001a166a97982 sp=0x0000009b9d9fcb70 mode 2
Event: 2.019 Thread 0x000001a1549f2e40 Uncommon trap: trap_request=0xffffff45 fr.pc=0x000001a16713ea1c relative=0x00000000000001fc
Event: 2.019 Thread 0x000001a1549f2e40 Uncommon trap: reason=unstable_if action=reinterpret pc=0x000001a16713ea1c method=jdk.nio.zipfs.ZipFileSystem$IndexNode.normalize([B)[B @ 66 c2
Event: 2.019 Thread 0x000001a1549f2e40 DEOPT PACKING pc=0x000001a16713ea1c sp=0x0000009b9d9fcd00
Event: 2.019 Thread 0x000001a1549f2e40 DEOPT UNPACKING pc=0x000001a166a97982 sp=0x0000009b9d9fcc68 mode 2
Event: 2.032 Thread 0x000001a1549f2e40 Uncommon trap: trap_request=0xffffff45 fr.pc=0x000001a16713fe74 relative=0x0000000000000234
Event: 2.032 Thread 0x000001a1549f2e40 Uncommon trap: reason=unstable_if action=reinterpret pc=0x000001a16713fe74 method=jdk.internal.util.ArraysSupport.hashCode([BIII)I @ 1 c2
Event: 2.032 Thread 0x000001a1549f2e40 DEOPT PACKING pc=0x000001a16713fe74 sp=0x0000009b9d9fcc50
Event: 2.032 Thread 0x000001a1549f2e40 DEOPT UNPACKING pc=0x000001a166a97982 sp=0x0000009b9d9fcbd0 mode 2
Event: 2.046 Thread 0x000001a1549f2e40 Uncommon trap: trap_request=0xffffff45 fr.pc=0x000001a16713f310 relative=0x00000000000000f0
Event: 2.046 Thread 0x000001a1549f2e40 Uncommon trap: reason=unstable_if action=reinterpret pc=0x000001a16713f310 method=jdk.nio.zipfs.ZipConstants.pkSigAt([BIII)Z @ 5 c2
Event: 2.046 Thread 0x000001a1549f2e40 DEOPT PACKING pc=0x000001a16713f310 sp=0x0000009b9d9fda90
Event: 2.046 Thread 0x000001a1549f2e40 DEOPT UNPACKING pc=0x000001a166a97982 sp=0x0000009b9d9fda38 mode 2
Event: 2.061 Thread 0x000001a1549f2e40 Uncommon trap: trap_request=0xffffff76 fr.pc=0x000001a167142470 relative=0x00000000000001d0
Event: 2.061 Thread 0x000001a1549f2e40 Uncommon trap: reason=predicate action=maybe_recompile pc=0x000001a167142470 method=java.util.LinkedHashMap.valuesToArray([Ljava/lang/Object;Z)[Ljava/lang/Object; @ 53 c2
Event: 2.061 Thread 0x000001a1549f2e40 DEOPT PACKING pc=0x000001a167142470 sp=0x0000009b9d9fdb10
Event: 2.061 Thread 0x000001a1549f2e40 DEOPT UNPACKING pc=0x000001a166a97982 sp=0x0000009b9d9fdac0 mode 2

Classes loaded (20 events):
Event: 2.003 Loading class java/nio/file/attribute/FileOwnerAttributeView done
Event: 2.003 Loading class java/nio/file/attribute/AclFileAttributeView done
Event: 2.003 Loading class sun/nio/fs/AbstractAclFileAttributeView done
Event: 2.003 Loading class sun/nio/fs/WindowsAclFileAttributeView done
Event: 2.003 Loading class sun/nio/fs/WindowsSecurity
Event: 2.003 Loading class sun/nio/fs/WindowsSecurity done
Event: 2.005 Loading class java/nio/file/attribute/PosixFileAttributeView
Event: 2.005 Loading class java/nio/file/attribute/PosixFileAttributeView done
Event: 2.039 Loading class java/nio/file/ClosedDirectoryStreamException
Event: 2.039 Loading class java/nio/file/ClosedDirectoryStreamException done
Event: 2.039 Loading class java/nio/file/DirectoryIteratorException
Event: 2.039 Loading class java/nio/file/DirectoryIteratorException done
Event: 2.043 Loading class java/util/TreeMap$KeySpliterator
Event: 2.043 Loading class java/util/TreeMap$TreeMapSpliterator
Event: 2.043 Loading class java/util/TreeMap$TreeMapSpliterator done
Event: 2.043 Loading class java/util/TreeMap$KeySpliterator done
Event: 2.072 Loading class java/util/regex/PatternSyntaxException
Event: 2.072 Loading class java/util/regex/PatternSyntaxException done
Event: 2.072 Loading class java/time/temporal/TemporalAdjusters
Event: 2.072 Loading class java/time/temporal/TemporalAdjusters done

Classes unloaded (0 events):
No events

Classes redefined (0 events):
No events

Internal exceptions (20 events):
Event: 1.335 Thread 0x000001a1549f2e40 Exception <a 'java/lang/NoSuchMethodError'{0x0000000711210b30}: 'void java.lang.invoke.DirectMethodHandle$Holder.invokeSpecial(java.lang.Object, java.lang.Object, java.lang.Object, java.lang.Object, java.lang.Object)'> (0x0000000711210b30) 
thrown [s\open\src\hotspot\share\interpreter\linkResolver.cpp, line 796]
Event: 1.337 Thread 0x000001a1549f2e40 Exception <a 'java/lang/NoSuchMethodError'{0x000000071122afc8}: 'java.lang.Object java.lang.invoke.DirectMethodHandle$Holder.invokeVirtual(java.lang.Object, java.lang.Object, java.lang.Object)'> (0x000000071122afc8) 
thrown [s\open\src\hotspot\share\interpreter\linkResolver.cpp, line 796]
Event: 1.338 Thread 0x000001a1549f2e40 Exception <a 'java/lang/NoSuchMethodError'{0x0000000711238430}: 'void java.lang.invoke.DirectMethodHandle$Holder.invokeSpecial(java.lang.Object, java.lang.Object, java.lang.Object, java.lang.Object, java.lang.Object, java.lang.Object)'> (0x0000000711238430) 
thrown [s\open\src\hotspot\share\interpreter\linkResolver.cpp, line 796]
Event: 1.362 Thread 0x000001a1549f2e40 Exception <a 'java/lang/NoSuchMethodError'{0x000000071134afe8}: 'void java.lang.invoke.DirectMethodHandle$Holder.invokeVirtual(java.lang.Object, java.lang.Object, int)'> (0x000000071134afe8) 
thrown [s\open\src\hotspot\share\interpreter\linkResolver.cpp, line 796]
Event: 1.362 Thread 0x000001a1549f2e40 Exception <a 'java/lang/NoSuchMethodError'{0x000000071134ee00}: 'void java.lang.invoke.DirectMethodHandle$Holder.invokeSpecial(java.lang.Object, java.lang.Object, java.lang.Object, int)'> (0x000000071134ee00) 
thrown [s\open\src\hotspot\share\interpreter\linkResolver.cpp, line 796]
Event: 1.363 Thread 0x000001a1549f2e40 Exception <a 'java/lang/NoSuchMethodError'{0x00000007113524e8}: 'void java.lang.invoke.DelegatingMethodHandle$Holder.reinvoke_L(java.lang.Object, java.lang.Object, int)'> (0x00000007113524e8) 
thrown [s\open\src\hotspot\share\interpreter\linkResolver.cpp, line 796]
Event: 1.508 Thread 0x000001a1549f2e40 Implicit null exception at 0x000001a167076feb to 0x000001a1670771e8
Event: 1.509 Thread 0x000001a1549f2e40 Implicit null exception at 0x000001a1670d0c7d to 0x000001a1670d150c
Event: 1.509 Thread 0x000001a1549f2e40 Implicit null exception at 0x000001a167077ceb to 0x000001a167077ee4
Event: 1.509 Thread 0x000001a1549f2e40 Implicit null exception at 0x000001a167053d1d to 0x000001a167053d9d
Event: 1.520 Thread 0x000001a1549f2e40 Exception <a 'java/lang/NoSuchMethodError'{0x0000000710813720}: 'java.lang.Object java.lang.invoke.DirectMethodHandle$Holder.newInvokeSpecial(java.lang.Object, java.lang.Object, java.lang.Object, java.lang.Object, java.lang.Object, java.lang.Object, java.lang.Object)'> (0x0000000710813720) 
thrown [s\open\src\hotspot\share\interpreter\linkResolver.cpp, line 796]
Event: 1.681 Thread 0x000001a1549f2e40 Exception <a 'java/lang/NoSuchMethodError'{0x000000070fe29150}: 'int java.lang.invoke.DirectMethodHandle$Holder.invokeVirtual(java.lang.Object, java.lang.Object)'> (0x000000070fe29150) 
thrown [s\open\src\hotspot\share\interpreter\linkResolver.cpp, line 796]
Event: 1.699 Thread 0x000001a1549f2e40 Exception <a 'java/lang/NoSuchMethodError'{0x000000070ff4ebc8}: 'void java.lang.invoke.Invokers$Holder.invokeExact_MT(java.lang.Object, java.lang.Object, int, java.lang.Object)'> (0x000000070ff4ebc8) 
thrown [s\open\src\hotspot\share\interpreter\linkResolver.cpp, line 796]
Event: 1.933 Thread 0x000001a1549f2e40 Exception <a 'java/lang/IncompatibleClassChangeError'{0x000000071332d3f8}: Found class java.lang.Object, but interface was expected> (0x000000071332d3f8) 
thrown [s\open\src\hotspot\share\interpreter\linkResolver.cpp, line 863]
Event: 1.934 Thread 0x000001a1549f2e40 Exception <a 'java/lang/NoSuchMethodError'{0x0000000713332700}: 'void java.lang.invoke.DirectMethodHandle$Holder.invokeInterface(java.lang.Object, java.lang.Object, java.lang.Object)'> (0x0000000713332700) 
thrown [s\open\src\hotspot\share\interpreter\linkResolver.cpp, line 796]
Event: 1.990 Thread 0x000001a1549f2e40 Exception <a 'java/lang/NoSuchMethodError'{0x000000071305b9a0}: 'int java.lang.invoke.DirectMethodHandle$Holder.invokeInterface(java.lang.Object, java.lang.Object)'> (0x000000071305b9a0) 
thrown [s\open\src\hotspot\share\interpreter\linkResolver.cpp, line 796]
Event: 1.993 Thread 0x000001a1549f2e40 Exception <a 'java/lang/NoSuchMethodError'{0x000000071307d160}: 'int java.lang.invoke.DirectMethodHandle$Holder.invokeVirtual(java.lang.Object, java.lang.Object, java.lang.Object)'> (0x000000071307d160) 
thrown [s\open\src\hotspot\share\interpreter\linkResolver.cpp, line 796]
Event: 1.995 Thread 0x000001a1549f2e40 Exception <a 'java/lang/NoSuchMethodError'{0x000000071308a1d8}: 'int java.lang.invoke.DirectMethodHandle$Holder.invokeStaticInit(java.lang.Object, java.lang.Object, java.lang.Object)'> (0x000000071308a1d8) 
thrown [s\open\src\hotspot\share\interpreter\linkResolver.cpp, line 796]
Event: 2.072 Thread 0x000001a1549f2e40 Exception <a 'java/lang/NoSuchMethodError'{0x00000007129f7e38}: 'java.lang.Object java.lang.invoke.DirectMethodHandle$Holder.invokeStatic(java.lang.Object, int, java.lang.Object)'> (0x00000007129f7e38) 
thrown [s\open\src\hotspot\share\interpreter\linkResolver.cpp, line 796]
Event: 2.081 Thread 0x000001a1549f2e40 Exception <a 'sun/nio/fs/WindowsException'{0x000000071262ac10}> (0x000000071262ac10) 
thrown [s\open\src\hotspot\share\prims\jni.cpp, line 520]

VM Operations (20 events):
Event: 1.253 Executing VM operation: HandshakeAllThreads (Deoptimize)
Event: 1.253 Executing VM operation: HandshakeAllThreads (Deoptimize) done
Event: 1.280 Executing VM operation: HandshakeAllThreads (Deoptimize)
Event: 1.280 Executing VM operation: HandshakeAllThreads (Deoptimize) done
Event: 1.309 Executing VM operation: HandshakeAllThreads (Deoptimize)
Event: 1.309 Executing VM operation: HandshakeAllThreads (Deoptimize) done
Event: 1.698 Executing VM operation: HandshakeAllThreads (Deoptimize)
Event: 1.698 Executing VM operation: HandshakeAllThreads (Deoptimize) done
Event: 1.894 Executing VM operation: G1CollectForAllocation (G1 Evacuation Pause)
Event: 1.899 Executing VM operation: G1CollectForAllocation (G1 Evacuation Pause) done
Event: 1.960 Executing VM operation: HandshakeAllThreads (Deoptimize)
Event: 1.960 Executing VM operation: HandshakeAllThreads (Deoptimize) done
Event: 1.989 Executing VM operation: HandshakeAllThreads (Deoptimize)
Event: 1.989 Executing VM operation: HandshakeAllThreads (Deoptimize) done
Event: 1.999 Executing VM operation: HandshakeAllThreads (Deoptimize)
Event: 1.999 Executing VM operation: HandshakeAllThreads (Deoptimize) done
Event: 2.004 Executing VM operation: HandshakeAllThreads (Deoptimize)
Event: 2.004 Executing VM operation: HandshakeAllThreads (Deoptimize) done
Event: 2.005 Executing VM operation: HandshakeAllThreads (Deoptimize)
Event: 2.005 Executing VM operation: HandshakeAllThreads (Deoptimize) done

Memory protections (0 events):
No events

Nmethod flushes (0 events):
No events

Events (15 events):
Event: 0.028 Thread 0x000001a1549f2e40 Thread added: 0x000001a1549f2e40
Event: 0.043 Thread 0x000001a1549f2e40 Thread added: 0x000001a1761949d0
Event: 0.043 Thread 0x000001a1549f2e40 Thread added: 0x000001a1761956e0
Event: 0.044 Thread 0x000001a1549f2e40 Thread added: 0x000001a17619a7a0
Event: 0.044 Thread 0x000001a1549f2e40 Thread added: 0x000001a17619b6e0
Event: 0.044 Thread 0x000001a1549f2e40 Thread added: 0x000001a17619c140
Event: 0.044 Thread 0x000001a1549f2e40 Thread added: 0x000001a17619cba0
Event: 0.044 Thread 0x000001a1549f2e40 Thread added: 0x000001a17619d930
Event: 0.044 Thread 0x000001a1549f2e40 Thread added: 0x000001a1761a6c60
Event: 0.061 Thread 0x000001a1549f2e40 Thread added: 0x000001a145144590
Event: 0.064 Thread 0x000001a1549f2e40 Thread added: 0x000001a145147420
Event: 0.152 Thread 0x000001a1549f2e40 Thread added: 0x000001a145591420
Event: 0.158 Thread 0x000001a145591420 Thread exited: 0x000001a145591420
Event: 0.429 Thread 0x000001a1761a6c60 Thread added: 0x000001a1457dcb50
Event: 0.444 Thread 0x000001a1761a6c60 Thread added: 0x000001a145ebaa20


Dynamic libraries:
0x00007ff6b39f0000 - 0x00007ff6b3a00000 	C:\Program Files\Java\jdk-23\bin\java.exe
0x00007ffc75d40000 - 0x00007ffc75fa0000 	C:\WINDOWS\SYSTEM32\ntdll.dll
0x00007ffc73b40000 - 0x00007ffc73c07000 	C:\WINDOWS\System32\KERNEL32.DLL
0x00007ffc72f20000 - 0x00007ffc732ea000 	C:\WINDOWS\System32\KERNELBASE.dll
0x00007ffc739f0000 - 0x00007ffc73b3b000 	C:\WINDOWS\System32\ucrtbase.dll
0x00007ffc67110000 - 0x00007ffc6712b000 	C:\Program Files\Java\jdk-23\bin\VCRUNTIME140.dll
0x00007ffc625a0000 - 0x00007ffc625b7000 	C:\Program Files\Java\jdk-23\bin\jli.dll
0x00007ffc75340000 - 0x00007ffc7550c000 	C:\WINDOWS\System32\USER32.dll
0x00007ffc5af60000 - 0x00007ffc5b1f7000 	C:\WINDOWS\WinSxS\amd64_microsoft.windows.common-controls_6595b64144ccf1df_6.0.26100.3624_none_3e086962e3345f24\COMCTL32.dll
0x00007ffc74040000 - 0x00007ffc740e9000 	C:\WINDOWS\System32\msvcrt.dll
0x00007ffc734d0000 - 0x00007ffc734f7000 	C:\WINDOWS\System32\win32u.dll
0x00007ffc751f0000 - 0x00007ffc7521a000 	C:\WINDOWS\System32\GDI32.dll
0x00007ffc73390000 - 0x00007ffc734c1000 	C:\WINDOWS\System32\gdi32full.dll
0x00007ffc73650000 - 0x00007ffc736f3000 	C:\WINDOWS\System32\msvcp_win.dll
0x00007ffc73c10000 - 0x00007ffc73c3f000 	C:\WINDOWS\System32\IMM32.DLL
0x00007ffc67030000 - 0x00007ffc6703c000 	C:\Program Files\Java\jdk-23\bin\vcruntime140_1.dll
0x00007ffc52ce0000 - 0x00007ffc52d6e000 	C:\Program Files\Java\jdk-23\bin\msvcp140.dll
0x00007ffbf3c10000 - 0x00007ffbf4960000 	C:\Program Files\Java\jdk-23\bin\server\jvm.dll
0x00007ffc74710000 - 0x00007ffc747c2000 	C:\WINDOWS\System32\ADVAPI32.dll
0x00007ffc75520000 - 0x00007ffc755c6000 	C:\WINDOWS\System32\sechost.dll
0x00007ffc74270000 - 0x00007ffc74386000 	C:\WINDOWS\System32\RPCRT4.dll
0x00007ffc73e20000 - 0x00007ffc73e94000 	C:\WINDOWS\System32\WS2_32.dll
0x00007ffc72730000 - 0x00007ffc7278e000 	C:\WINDOWS\SYSTEM32\POWRPROF.dll
0x00007ffc67180000 - 0x00007ffc671b6000 	C:\WINDOWS\SYSTEM32\WINMM.dll
0x00007ffc68f20000 - 0x00007ffc68f2b000 	C:\WINDOWS\SYSTEM32\VERSION.dll
0x00007ffc72710000 - 0x00007ffc72724000 	C:\WINDOWS\SYSTEM32\UMPDC.dll
0x00007ffc71c90000 - 0x00007ffc71caa000 	C:\WINDOWS\SYSTEM32\kernel.appcore.dll
0x00007ffc61d90000 - 0x00007ffc61d9a000 	C:\Program Files\Java\jdk-23\bin\jimage.dll
0x00007ffc705d0000 - 0x00007ffc70811000 	C:\WINDOWS\SYSTEM32\DBGHELP.DLL
0x00007ffc749d0000 - 0x00007ffc74d52000 	C:\WINDOWS\System32\combase.dll
0x00007ffc75220000 - 0x00007ffc752f6000 	C:\WINDOWS\System32\OLEAUT32.dll
0x00007ffc52480000 - 0x00007ffc524b9000 	C:\WINDOWS\SYSTEM32\dbgcore.DLL
0x00007ffc732f0000 - 0x00007ffc73389000 	C:\WINDOWS\System32\bcryptPrimitives.dll
0x00007ffc61da0000 - 0x00007ffc61dbe000 	C:\Program Files\Java\jdk-23\bin\java.dll
0x00007ffc74390000 - 0x00007ffc74526000 	C:\WINDOWS\System32\ole32.dll
0x00007ffc755d0000 - 0x00007ffc75cf9000 	C:\WINDOWS\System32\SHELL32.dll
0x00007ffc73700000 - 0x00007ffc73868000 	C:\WINDOWS\System32\wintypes.dll
0x00007ffc70b80000 - 0x00007ffc713d2000 	C:\WINDOWS\SYSTEM32\windows.storage.dll
0x00007ffc73ea0000 - 0x00007ffc73f8d000 	C:\WINDOWS\System32\SHCORE.dll
0x00007ffc73db0000 - 0x00007ffc73e14000 	C:\WINDOWS\System32\shlwapi.dll
0x00007ffc72e30000 - 0x00007ffc72e5f000 	C:\WINDOWS\SYSTEM32\profapi.dll
0x00007ffc4a2b0000 - 0x00007ffc4a387000 	C:\Program Files\Java\jdk-23\bin\jsvml.dll
0x00007ffc61b50000 - 0x00007ffc61b60000 	C:\Program Files\Java\jdk-23\bin\net.dll
0x00007ffc721f0000 - 0x00007ffc7225a000 	C:\WINDOWS\system32\mswsock.dll
0x00007ffc60080000 - 0x00007ffc60096000 	C:\Program Files\Java\jdk-23\bin\nio.dll
0x00007ffc5e640000 - 0x00007ffc5e657000 	C:\Program Files\Java\jdk-23\bin\zip.dll
0x00007ffc62570000 - 0x00007ffc62594000 	C:\Program Files\NetBeans-25\netbeans\java\maven\lib\jansi-native\Windows\x86_64\jansi.dll
0x00007ffc61190000 - 0x00007ffc611a0000 	C:\Program Files\Java\jdk-23\bin\verify.dll

dbghelp: loaded successfully - version: 4.0.5 - missing functions: none
symbol engine: initialized successfully - sym options: 0x614 - pdb path: .;C:\Program Files\Java\jdk-23\bin;C:\WINDOWS\SYSTEM32;C:\WINDOWS\WinSxS\amd64_microsoft.windows.common-controls_6595b64144ccf1df_6.0.26100.3624_none_3e086962e3345f24;C:\Program Files\Java\jdk-23\bin\server;C:\Program Files\NetBeans-25\netbeans\java\maven\lib\jansi-native\Windows\x86_64

VM Arguments:
jvm_args: -Dclassworlds.conf=C:\Program Files\NetBeans-25\netbeans\java\maven\bin\m2.conf -Dmaven.home=C:\Program Files\NetBeans-25\netbeans\java\maven -Dlibrary.jansi.path=C:\Program Files\NetBeans-25\netbeans\java\maven\lib\jansi-native -Dmaven.multiModuleProjectDirectory=D:\projectadvance\ATM\ATMsim 
java_command: org.codehaus.plexus.classworlds.launcher.Launcher -Dexec.vmArgs= -Dexec.args=${exec.vmArgs} -classpath %classpath ${exec.mainClass} ${exec.appArgs} -Dexec.appArgs= -Dexec.mainClass=com.mycompany.atmsim.ATMsim -Dexec.executable=C:\Program Files\Java\jdk-23\bin\java.exe -Dmaven.ext.class.path=C:\Program Files\NetBeans-25\netbeans\java\maven-nblib\netbeans-eventspy.jar --no-transfer-progress process-classes org.codehaus.mojo:exec-maven-plugin:3.1.0:exec
java_class_path (initial): C:\Program Files\NetBeans-25\netbeans\java\maven\boot\plexus-classworlds-2.8.0.jar
Launcher Type: SUN_STANDARD

[Global flags]
     intx CICompilerCount                          = 4                                         {product} {ergonomic}
     uint ConcGCThreads                            = 2                                         {product} {ergonomic}
     uint G1ConcRefinementThreads                  = 8                                         {product} {ergonomic}
   size_t G1HeapRegionSize                         = 2097152                                   {product} {ergonomic}
   size_t InitialHeapSize                          = 266338304                                 {product} {ergonomic}
   size_t MarkStackSize                            = 4194304                                   {product} {ergonomic}
   size_t MarkStackSizeMax                         = 536870912                                 {product} {ergonomic}
   size_t MaxHeapSize                              = 4238344192                                {product} {ergonomic}
   size_t MaxNewSize                               = 2541748224                                {product} {ergonomic}
   size_t MinHeapDeltaBytes                        = 2097152                                   {product} {ergonomic}
   size_t MinHeapSize                              = 8388608                                   {product} {ergonomic}
    uintx NonNMethodCodeHeapSize                   = 5832704                                {pd product} {ergonomic}
    uintx NonProfiledCodeHeapSize                  = 122945536                              {pd product} {ergonomic}
    uintx ProfiledCodeHeapSize                     = 122880000                              {pd product} {ergonomic}
    uintx ReservedCodeCacheSize                    = 251658240                              {pd product} {ergonomic}
     bool SegmentedCodeCache                       = true                                      {product} {ergonomic}
   size_t SoftMaxHeapSize                          = 4238344192                             {manageable} {ergonomic}
     bool UseCompressedOops                        = true                           {product lp64_product} {ergonomic}
     bool UseG1GC                                  = true                                      {product} {ergonomic}
     bool UseLargePagesIndividualAllocation        = false                                  {pd product} {ergonomic}

Logging:
Log output configuration:
 #0: stdout all=warning uptime,level,tags foldmultilines=false
 #1: stderr all=off uptime,level,tags foldmultilines=false

Environment Variables:
JAVA_HOME=C:\Program Files\Java\jdk-23
PATH=C:\Program Files\Common Files\Oracle\Java\javapath;C:\WINDOWS\system32;C:\WINDOWS;C:\WINDOWS\System32\Wbem;C:\WINDOWS\System32\WindowsPowerShell\v1.0\;C:\WINDOWS\System32\OpenSSH\;C:\msys64\mingw64\bin;C:\Program Files (x86)\IVI Foundation\VISA\WinNT\Bin\;C:\Program Files\IVI Foundation\VISA\Win64\Bin\;C:\Program Files (x86)\National Instruments\Shared\LabVIEW CLI;C:\Program Files (x86)\IVI Foundation\VISA\WinNT\Bin;C:\Program Files\Git\cmd;C:\Program Files\MySQL\MySQL Shell 8.0\bin\;C:\Users\LENOVO\AppData\Local\Programs\Python\Python311\Scripts\;C:\Users\LENOVO\AppData\Local\Programs\Python\Python311\;C:\Users\LENOVO\AppData\Local\Microsoft\WindowsApps;C:\Users\LENOVO\AppData\Local\Programs\Microsoft VS Code\bin;C:\MinGW\libexec\mingw-get\guimain.exe;C:\Program Files\Java\jdk-23\bin;C:\Users\LENOVO\AppData\Local\GitHubDesktop\bin
USERNAME=LENOVO
OS=Windows_NT
PROCESSOR_IDENTIFIER=Intel64 Family 6 Model 140 Stepping 1, GenuineIntel
TMP=C:\Users\LENOVO\AppData\Local\Temp
TEMP=C:\Users\LENOVO\AppData\Local\Temp




Periodic native trim disabled

---------------  S Y S T E M  ---------------

OS:
 Windows 11 , 64 bit Build 26100 (10.0.26100.3775)
OS uptime: 8 days 18:27 hours
Hyper-V role detected

CPU: total 8 (initial active 8) (4 cores per cpu, 2 threads per core) family 6 model 140 stepping 1 microcode 0x86, cx8, cmov, fxsr, ht, mmx, 3dnowpref, sse, sse2, sse3, ssse3, sse4.1, sse4.2, popcnt, lzcnt, tsc, tscinvbit, avx, avx2, aes, erms, clmul, bmi1, bmi2, adx, avx512f, avx512dq, avx512cd, avx512bw, avx512vl, sha, fma, vzeroupper, avx512_vpopcntdq, avx512_vpclmulqdq, avx512_vaes, avx512_vnni, clflush, clflushopt, clwb, avx512_vbmi2, avx512_vbmi, hv, rdtscp, rdpid, fsrm, gfni, avx512_bitalg, f16c, cet_ibt, cet_ss, avx512_ifma
Processor Information for the first 8 processors :
  Max Mhz: 3302, Current Mhz: 3302, Mhz Limit: 3302

Memory: 4k page, system-wide physical 16167M (3025M free)
TotalPageFile size 26749M (AvailPageFile size 2M)
current process WorkingSet (physical memory assigned to process): 209M, peak: 209M
current process commit charge ("private bytes"): 415M, peak: 416M

vm_info: Java HotSpot(TM) 64-Bit Server VM (23.0.2+7-58) for windows-amd64 JRE (23.0.2+7-58), built on 2024-11-29T09:34:55Z with MS VC++ 17.6 (VS2022)

END.
